<?xml version="1.0" encoding="UTF-8"?>
<!-- Generated by org.testng.reporters.JUnitReportReporter -->
<testsuite hostname="User" failures="0" tests="2" name="com.amazon.pages.AmazonHomePageTests" time="21.951" errors="0" timestamp="06 Apr 2020 08:12:15 GMT" skipped="0">
  <testcase classname="com.amazon.pages.AmazonHomePageTests" name="tc_02" time="2.219"/>
  <testcase classname="com.amazon.pages.AmazonHomePageTests" name="tc_01" time="19.732"/>
</testsuite> <!-- com.amazon.pages.AmazonHomePageTests -->
