<?xml version="1.0" encoding="UTF-8"?>
<!-- Generated by org.testng.reporters.JUnitReportReporter -->
<testsuite hostname="User" failures="0" tests="1" name="com.shutterflyhome.pages.HomePage" time="39.343" errors="0" timestamp="05 Apr 2020 07:10:58 GMT" skipped="0">
  <testcase classname="com.shutterflyhome.pages.HomePage" name="tc_01" time="39.343"/>
</testsuite> <!-- com.shutterflyhome.pages.HomePage -->
